[     144ms] [INFO] %cDownload the React DevTools for a better development experience: https://reactjs.org/link/react-devtools font-weight:bold @ http://localhost:5173/node_modules/.vite/deps/chunk-F34GCA6J.js?v=0ceafac2:21608
[10236905ms] [WARNING] The width(-1) and height(-1) of chart should be greater than 0,
       please check the style of container, or the props width(100%) and height(100%),
       or add a minWidth(0) or minHeight(undefined) or use aspect(undefined) to control the
       height and width. @ http://localhost:5173/node_modules/.vite/deps/recharts.js?v=0ceafac2:7127
[10236905ms] [WARNING] The width(-1) and height(-1) of chart should be greater than 0,
       please check the style of container, or the props width(100%) and height(100%),
       or add a minWidth(0) or minHeight(undefined) or use aspect(undefined) to control the
       height and width. @ http://localhost:5173/node_modules/.vite/deps/recharts.js?v=0ceafac2:7127
[10236909ms] [WARNING] The width(-1) and height(-1) of chart should be greater than 0,
       please check the style of container, or the props width(100%) and height(100%),
       or add a minWidth(0) or minHeight(undefined) or use aspect(undefined) to control the
       height and width. @ http://localhost:5173/node_modules/.vite/deps/recharts.js?v=0ceafac2:7127
[10236909ms] [WARNING] The width(-1) and height(-1) of chart should be greater than 0,
       please check the style of container, or the props width(100%) and height(100%),
       or add a minWidth(0) or minHeight(undefined) or use aspect(undefined) to control the
       height and width. @ http://localhost:5173/node_modules/.vite/deps/recharts.js?v=0ceafac2:7127
[10237084ms] [ERROR] Warning: Each child in a list should have a unique "key" prop.%s%s See https://reactjs.org/link/warning-keys for more information.%s 

Check the render method of `OLAPCandleChart`.  
    at Cell
    at OLAPCandleChart (http://localhost:5173/src/components/analytics/OLAPCandleChart.tsx:106:35)
    at PanelErrorBoundary (http://localhost:5173/src/pages/Analytics.tsx:30:5)
    at div
    at http://localhost:5173/node_modules/.vite/deps/chunk-2X4PVDAD.js?v=0ceafac2:2408:45
    at Grid3 (http://localhost:5173/node_modules/.vite/deps/chunk-2X4PVDAD.js?v=0ceafac2:7796:19)
    at div
    at http://localhost:5173/node_modules/.vite/deps/chunk-2X4PVDAD.js?v=0ceafac2:2408:45
    at Grid3 (http://localhost:5173/node_modules/.vite/deps/chunk-2X4PVDAD.js?v=0ceafac2:7796:19)
    at div
    at http://localhost:5173/node_modules/.vite/deps/chunk-2X4PVDAD.js?v=0ceafac2:2408:45
    at Container3 (http://localhost:5173/node_modules/.vite/deps/chunk-2X4PVDAD.js?v=0ceafac2:7355:19)
    at Analytics
    at Suspense
    at RenderedRoute (http://localhost:5173/node_modules/.vite/deps/react-router-dom.js?v=0ceafac2:6355:26)
    at Outlet (http://localhost:5173/node_modules/.vite/deps/react-router-dom.js?v=0ceafac2:7143:26)
    at main
    at http://localhost:5173/node_modules/.vite/deps/chunk-2X4PVDAD.js?v=0ceafac2:2408:45
    at Box3 (http://localhost:5173/node_modules/.vite/deps/chunk-2X4PVDAD.js?v=0ceafac2:5420:19)
    at div
    at http://localhost:5173/node_modules/.vite/deps/chunk-2X4PVDAD.js?v=0ceafac2:2408:45
    at Box3 (http://localhost:5173/node_modules/.vite/deps/chunk-2X4PVDAD.js?v=0ceafac2:5420:19)
    at Layout
    at RenderedRoute (http://localhost:5173/node_modules/.vite/deps/react-router-dom.js?v=0ceafac2:6355:26)
    at Routes (http://localhost:5173/node_modules/.vite/deps/react-router-dom.js?v=0ceafac2:7222:3)
    at Router (http://localhost:5173/node_modules/.vite/deps/react-router-dom.js?v=0ceafac2:7152:13)
    at BrowserRouter (http://localhost:5173/node_modules/.vite/deps/react-router-dom.js?v=0ceafac2:10363:3)
    at QueryClientProvider (http://localhost:5173/node_modules/.vite/deps/@tanstack_react-query.js?v=0ceafac2:3193:3)
    at QueryProvider (http://localhost:5173/src/providers/QueryProvider.tsx:27:41)
    at App
    at DefaultPropsProvider (http://localhost:5173/node_modules/.vite/deps/chunk-2X4PVDAD.js?v=0ceafac2:6085:3)
    at RtlProvider (http://localhost:5173/node_modules/.vite/deps/chunk-2X4PVDAD.js?v=0ceafac2:6061:3)
    at ThemeProvider2 (http://localhost:5173/node_modules/.vite/deps/chunk-2X4PVDAD.js?v=0ceafac2:6017:5)
    at ThemeProvider3 (http://localhost:5173/node_modules/.vite/deps/chunk-2X4PVDAD.js?v=0ceafac2:6237:5)
    at ThemeProviderNoVars (http://localhost:5173/node_modules/.vite/deps/chunk-IAZ2UTAW.js?v=0ceafac2:277:10)
    at ThemeProvider (http://localhost:5173/node_modules/.vite/deps/chunk-IAZ2UTAW.js?v=0ceafac2:426:3) @ http://localhost:5173/node_modules/.vite/deps/react_jsx-dev-runtime.js?v=0ceafac2:63
[10237155ms] [WARNING] The width(-1) and height(-1) of chart should be greater than 0,
       please check the style of container, or the props width(100%) and height(100%),
       or add a minWidth(0) or minHeight(undefined) or use aspect(undefined) to control the
       height and width. @ http://localhost:5173/node_modules/.vite/deps/recharts.js?v=0ceafac2:7127
[10237155ms] [WARNING] The width(-1) and height(-1) of chart should be greater than 0,
       please check the style of container, or the props width(100%) and height(100%),
       or add a minWidth(0) or minHeight(undefined) or use aspect(undefined) to control the
       height and width. @ http://localhost:5173/node_modules/.vite/deps/recharts.js?v=0ceafac2:7127
[10241186ms] [WARNING] MUI: The LoadingButton component functionality is now part of the Button component from Material UI.

You should use `import Button from '@mui/material/Button'`
or `import { Button } from '@mui/material'` @ http://localhost:5173/node_modules/.vite/deps/@mui_lab_LoadingButton.js?v=0ceafac2:33
[10267487ms] [WARNING] You are loading @emotion/react when it is already loaded. Running multiple instances may cause problems. This can happen if multiple versions are used, or if multiple builds of the same version are used. @ http://localhost:5173/node_modules/.vite/deps/chunk-CWQXSMNJ.js?v=729f0356:3285
[10267756ms] [INFO] %cDownload the React DevTools for a better development experience: https://reactjs.org/link/react-devtools font-weight:bold @ http://localhost:5173/node_modules/.vite/deps/chunk-F34GCA6J.js?v=729f0356:21608
[10268447ms] [WARNING] WebSocket connection to 'ws://localhost:8000/ws/prices' failed: WebSocket is closed before the connection is established. @ http://localhost:5173/src/hooks/useWebSocket.ts:76
[10268781ms] [WARNING] [ECharts] Instance ec_1775227563270 has been disposed @ http://localhost:5173/node_modules/.vite/deps/echarts.js?v=729f0356:7472
[10965125ms] [WARNING] MUI: The LoadingButton component functionality is now part of the Button component from Material UI.

You should use `import Button from '@mui/material/Button'`
or `import { Button } from '@mui/material'` @ http://localhost:5173/node_modules/.vite/deps/@mui_lab_LoadingButton.js?v=729f0356:34
[10966872ms] [WARNING] The width(-1) and height(-1) of chart should be greater than 0,
       please check the style of container, or the props width(100%) and height(100%),
       or add a minWidth(0) or minHeight(undefined) or use aspect(undefined) to control the
       height and width. @ http://localhost:5173/node_modules/.vite/deps/recharts.js?v=729f0356:7127
[10966872ms] [WARNING] The width(-1) and height(-1) of chart should be greater than 0,
       please check the style of container, or the props width(100%) and height(100%),
       or add a minWidth(0) or minHeight(undefined) or use aspect(undefined) to control the
       height and width. @ http://localhost:5173/node_modules/.vite/deps/recharts.js?v=729f0356:7127
[10966875ms] [WARNING] The width(-1) and height(-1) of chart should be greater than 0,
       please check the style of container, or the props width(100%) and height(100%),
       or add a minWidth(0) or minHeight(undefined) or use aspect(undefined) to control the
       height and width. @ http://localhost:5173/node_modules/.vite/deps/recharts.js?v=729f0356:7127
[10966875ms] [WARNING] The width(-1) and height(-1) of chart should be greater than 0,
       please check the style of container, or the props width(100%) and height(100%),
       or add a minWidth(0) or minHeight(undefined) or use aspect(undefined) to control the
       height and width. @ http://localhost:5173/node_modules/.vite/deps/recharts.js?v=729f0356:7127
[10967576ms] [WARNING] The width(-1) and height(-1) of chart should be greater than 0,
       please check the style of container, or the props width(100%) and height(100%),
       or add a minWidth(0) or minHeight(undefined) or use aspect(undefined) to control the
       height and width. @ http://localhost:5173/node_modules/.vite/deps/recharts.js?v=729f0356:7127
[10967576ms] [WARNING] The width(-1) and height(-1) of chart should be greater than 0,
       please check the style of container, or the props width(100%) and height(100%),
       or add a minWidth(0) or minHeight(undefined) or use aspect(undefined) to control the
       height and width. @ http://localhost:5173/node_modules/.vite/deps/recharts.js?v=729f0356:7127
[10967624ms] [ERROR] Warning: Each child in a list should have a unique "key" prop.%s%s See https://reactjs.org/link/warning-keys for more information.%s 

Check the render method of `OLAPCandleChart`.  
    at Cell
    at OLAPCandleChart (http://localhost:5173/src/components/analytics/OLAPCandleChart.tsx:106:35)
    at PanelErrorBoundary (http://localhost:5173/src/pages/Analytics.tsx:30:5)
    at div
    at http://localhost:5173/node_modules/.vite/deps/chunk-CWQXSMNJ.js?v=729f0356:2644:45
    at Grid3 (http://localhost:5173/node_modules/.vite/deps/chunk-CWQXSMNJ.js?v=729f0356:7796:19)
    at div
    at http://localhost:5173/node_modules/.vite/deps/chunk-CWQXSMNJ.js?v=729f0356:2644:45
    at Grid3 (http://localhost:5173/node_modules/.vite/deps/chunk-CWQXSMNJ.js?v=729f0356:7796:19)
    at div
    at http://localhost:5173/node_modules/.vite/deps/chunk-CWQXSMNJ.js?v=729f0356:2644:45
    at Container3 (http://localhost:5173/node_modules/.vite/deps/chunk-CWQXSMNJ.js?v=729f0356:7355:19)
    at Analytics
    at Suspense
    at RenderedRoute (http://localhost:5173/node_modules/.vite/deps/react-router-dom.js?v=729f0356:6355:26)
    at Outlet (http://localhost:5173/node_modules/.vite/deps/react-router-dom.js?v=729f0356:7143:26)
    at main
    at http://localhost:5173/node_modules/.vite/deps/chunk-CWQXSMNJ.js?v=729f0356:2644:45
    at Box3 (http://localhost:5173/node_modules/.vite/deps/chunk-CWQXSMNJ.js?v=729f0356:5420:19)
    at div
    at http://localhost:5173/node_modules/.vite/deps/chunk-CWQXSMNJ.js?v=729f0356:2644:45
    at Box3 (http://localhost:5173/node_modules/.vite/deps/chunk-CWQXSMNJ.js?v=729f0356:5420:19)
    at Layout
    at RenderedRoute (http://localhost:5173/node_modules/.vite/deps/react-router-dom.js?v=729f0356:6355:26)
    at Routes (http://localhost:5173/node_modules/.vite/deps/react-router-dom.js?v=729f0356:7222:3)
    at Router (http://localhost:5173/node_modules/.vite/deps/react-router-dom.js?v=729f0356:7152:13)
    at BrowserRouter (http://localhost:5173/node_modules/.vite/deps/react-router-dom.js?v=729f0356:10363:3)
    at QueryClientProvider (http://localhost:5173/node_modules/.vite/deps/@tanstack_react-query.js?v=729f0356:3193:3)
    at QueryProvider (http://localhost:5173/src/providers/QueryProvider.tsx:27:41)
    at App
    at DefaultPropsProvider (http://localhost:5173/node_modules/.vite/deps/chunk-CWQXSMNJ.js?v=729f0356:6085:3)
    at RtlProvider (http://localhost:5173/node_modules/.vite/deps/chunk-CWQXSMNJ.js?v=729f0356:6061:3)
    at ThemeProvider2 (http://localhost:5173/node_modules/.vite/deps/chunk-CWQXSMNJ.js?v=729f0356:6017:5)
    at ThemeProvider3 (http://localhost:5173/node_modules/.vite/deps/chunk-CWQXSMNJ.js?v=729f0356:6237:5)
    at ThemeProviderNoVars (http://localhost:5173/node_modules/.vite/deps/chunk-BCKJVCYM.js?v=729f0356:277:10)
    at ThemeProvider (http://localhost:5173/node_modules/.vite/deps/chunk-BCKJVCYM.js?v=729f0356:426:3) @ http://localhost:5173/node_modules/.vite/deps/react_jsx-dev-runtime.js?v=729f0356:63
[10977619ms] [WARNING] The width(-1) and height(-1) of chart should be greater than 0,
       please check the style of container, or the props width(100%) and height(100%),
       or add a minWidth(0) or minHeight(undefined) or use aspect(undefined) to control the
       height and width. @ http://localhost:5173/node_modules/.vite/deps/recharts.js?v=729f0356:7127
[10977620ms] [WARNING] The width(-1) and height(-1) of chart should be greater than 0,
       please check the style of container, or the props width(100%) and height(100%),
       or add a minWidth(0) or minHeight(undefined) or use aspect(undefined) to control the
       height and width. @ http://localhost:5173/node_modules/.vite/deps/recharts.js?v=729f0356:7127
[10977644ms] [WARNING] The width(-1) and height(-1) of chart should be greater than 0,
       please check the style of container, or the props width(100%) and height(100%),
       or add a minWidth(0) or minHeight(undefined) or use aspect(undefined) to control the
       height and width. @ http://localhost:5173/node_modules/.vite/deps/recharts.js?v=729f0356:7127
[10977645ms] [WARNING] The width(-1) and height(-1) of chart should be greater than 0,
       please check the style of container, or the props width(100%) and height(100%),
       or add a minWidth(0) or minHeight(undefined) or use aspect(undefined) to control the
       height and width. @ http://localhost:5173/node_modules/.vite/deps/recharts.js?v=729f0356:7127
