[     262ms] [ERROR] TypeError: Failed to fetch
    at Ei.request (https://fred.stlouisfed.org/assets/research/fred-graph-react/1775240960.fred-graph-react.umd.js:23:149462)
    at Ei.get (https://fred.stlouisfed.org/assets/research/fred-graph-react/1775240960.fred-graph-react.umd.js:23:149958)
    at Q4.fetchChartData (https://fred.stlouisfed.org/assets/research/fred-graph-react/1775240960.fred-graph-react.umd.js:91:40513)
    at Q4.componentDidMount (https://fred.stlouisfed.org/assets/research/fred-graph-react/1775240960.fred-graph-react.umd.js:91:39885)
    at oue (https://fred.stlouisfed.org/assets/research/fred-graph-react/1775240960.fred-graph-react.umd.js:8:32986)
    at iue (https://fred.stlouisfed.org/assets/research/fred-graph-react/1775240960.fred-graph-react.umd.js:8:32757)
    at Nje (https://fred.stlouisfed.org/assets/research/fred-graph-react/1775240960.fred-graph-react.umd.js:8:32254)
    at Dje (https://fred.stlouisfed.org/assets/research/fred-graph-react/1775240960.fred-graph-react.umd.js:8:42577)
    at ha (https://fred.stlouisfed.org/assets/research/fred-graph-react/1775240960.fred-graph-react.umd.js:8:41903)
    at cue (https://fred.stlouisfed.org/assets/research/fred-graph-react/1775240960.fred-graph-react.umd.js:8:37167) @ https://fred.stlouisfed.org/assets/research/fred-graph-react/1775240960.fred-graph-react.umd.js:22
[    2301ms] [ERROR] Failed to load resource: net::ERR_FAILED @ https://fred.stlouisfed.org/graph/api/series/?id=T10YIE&width=1320:0
[    2301ms] [ERROR] TypeError: Failed to fetch
    at Ei.request (https://fred.stlouisfed.org/assets/research/fred-graph-react/1775240960.fred-graph-react.umd.js:23:149462)
    at Ei.get (https://fred.stlouisfed.org/assets/research/fred-graph-react/1775240960.fred-graph-react.umd.js:23:149958)
    at Q4.fetchChartData (https://fred.stlouisfed.org/assets/research/fred-graph-react/1775240960.fred-graph-react.umd.js:91:40513)
    at Q4.componentDidMount (https://fred.stlouisfed.org/assets/research/fred-graph-react/1775240960.fred-graph-react.umd.js:91:39885)
    at oue (https://fred.stlouisfed.org/assets/research/fred-graph-react/1775240960.fred-graph-react.umd.js:8:32986)
    at iue (https://fred.stlouisfed.org/assets/research/fred-graph-react/1775240960.fred-graph-react.umd.js:8:32757)
    at Nje (https://fred.stlouisfed.org/assets/research/fred-graph-react/1775240960.fred-graph-react.umd.js:8:32254)
    at Dje (https://fred.stlouisfed.org/assets/research/fred-graph-react/1775240960.fred-graph-react.umd.js:8:42577)
    at ha (https://fred.stlouisfed.org/assets/research/fred-graph-react/1775240960.fred-graph-react.umd.js:8:41903)
    at cue (https://fred.stlouisfed.org/assets/research/fred-graph-react/1775240960.fred-graph-react.umd.js:8:37167) @ https://fred.stlouisfed.org/assets/research/fred-graph-react/1775240960.fred-graph-react.umd.js:22
[    2301ms] [ERROR] Failed to load resource: net::ERR_FAILED @ https://fred.stlouisfed.org/graph/api/series/hasmap/T10YIE:0
[    2302ms] TypeError: Cannot read properties of null (reading 'chart')
    at https://fred.stlouisfed.org/assets/research/fred-graph-react/1775240960.fred-graph-react.umd.js:91:40543
    at https://fred.stlouisfed.org/assets/research/fred-graph-react/1775240960.fred-graph-react.umd.js:23:149782
[    2303ms] TypeError: Failed to fetch
    at Q4.fetchMapSetup (https://fred.stlouisfed.org/assets/research/fred-graph-react/1775240960.fred-graph-react.umd.js:91:41081)
    at Q4.componentDidMount (https://fred.stlouisfed.org/assets/research/fred-graph-react/1775240960.fred-graph-react.umd.js:91:39910)
    at oue (https://fred.stlouisfed.org/assets/research/fred-graph-react/1775240960.fred-graph-react.umd.js:8:32986)
    at iue (https://fred.stlouisfed.org/assets/research/fred-graph-react/1775240960.fred-graph-react.umd.js:8:32757)
    at Nje (https://fred.stlouisfed.org/assets/research/fred-graph-react/1775240960.fred-graph-react.umd.js:8:32254)
    at Dje (https://fred.stlouisfed.org/assets/research/fred-graph-react/1775240960.fred-graph-react.umd.js:8:42577)
    at ha (https://fred.stlouisfed.org/assets/research/fred-graph-react/1775240960.fred-graph-react.umd.js:8:41903)
    at cue (https://fred.stlouisfed.org/assets/research/fred-graph-react/1775240960.fred-graph-react.umd.js:8:37167)
    at _ (https://fred.stlouisfed.org/assets/research/fred-graph-react/1775240960.fred-graph-react.umd.js:1:10107)
    at MessagePort.W (https://fred.stlouisfed.org/assets/research/fred-graph-react/1775240960.fred-graph-react.umd.js:1:10466)
[    3884ms] [ERROR] Failed to load resource: net::ERR_FAILED @ https://fred.stlouisfed.org/graph/api/series/?id=DAAA&width=1320:0
[    3885ms] [ERROR] TypeError: Failed to fetch
    at Ei.request (https://fred.stlouisfed.org/assets/research/fred-graph-react/1775240960.fred-graph-react.umd.js:23:149462)
    at Ei.get (https://fred.stlouisfed.org/assets/research/fred-graph-react/1775240960.fred-graph-react.umd.js:23:149958)
    at Q4.fetchChartData (https://fred.stlouisfed.org/assets/research/fred-graph-react/1775240960.fred-graph-react.umd.js:91:40513)
    at Q4.componentDidMount (https://fred.stlouisfed.org/assets/research/fred-graph-react/1775240960.fred-graph-react.umd.js:91:39885)
    at oue (https://fred.stlouisfed.org/assets/research/fred-graph-react/1775240960.fred-graph-react.umd.js:8:32986)
    at iue (https://fred.stlouisfed.org/assets/research/fred-graph-react/1775240960.fred-graph-react.umd.js:8:32757)
    at Nje (https://fred.stlouisfed.org/assets/research/fred-graph-react/1775240960.fred-graph-react.umd.js:8:32254)
    at Dje (https://fred.stlouisfed.org/assets/research/fred-graph-react/1775240960.fred-graph-react.umd.js:8:42577)
    at ha (https://fred.stlouisfed.org/assets/research/fred-graph-react/1775240960.fred-graph-react.umd.js:8:41903)
    at cue (https://fred.stlouisfed.org/assets/research/fred-graph-react/1775240960.fred-graph-react.umd.js:8:37167) @ https://fred.stlouisfed.org/assets/research/fred-graph-react/1775240960.fred-graph-react.umd.js:22
[    3885ms] [ERROR] Failed to load resource: net::ERR_FAILED @ https://fred.stlouisfed.org/graph/api/series/hasmap/DAAA:0
[    3887ms] TypeError: Cannot read properties of null (reading 'chart')
    at https://fred.stlouisfed.org/assets/research/fred-graph-react/1775240960.fred-graph-react.umd.js:91:40543
    at https://fred.stlouisfed.org/assets/research/fred-graph-react/1775240960.fred-graph-react.umd.js:23:149782
[    3887ms] TypeError: Failed to fetch
    at Q4.fetchMapSetup (https://fred.stlouisfed.org/assets/research/fred-graph-react/1775240960.fred-graph-react.umd.js:91:41081)
    at Q4.componentDidMount (https://fred.stlouisfed.org/assets/research/fred-graph-react/1775240960.fred-graph-react.umd.js:91:39910)
    at oue (https://fred.stlouisfed.org/assets/research/fred-graph-react/1775240960.fred-graph-react.umd.js:8:32986)
    at iue (https://fred.stlouisfed.org/assets/research/fred-graph-react/1775240960.fred-graph-react.umd.js:8:32757)
    at Nje (https://fred.stlouisfed.org/assets/research/fred-graph-react/1775240960.fred-graph-react.umd.js:8:32254)
    at Dje (https://fred.stlouisfed.org/assets/research/fred-graph-react/1775240960.fred-graph-react.umd.js:8:42577)
    at ha (https://fred.stlouisfed.org/assets/research/fred-graph-react/1775240960.fred-graph-react.umd.js:8:41903)
    at cue (https://fred.stlouisfed.org/assets/research/fred-graph-react/1775240960.fred-graph-react.umd.js:8:37167)
    at _ (https://fred.stlouisfed.org/assets/research/fred-graph-react/1775240960.fred-graph-react.umd.js:1:10107)
    at MessagePort.W (https://fred.stlouisfed.org/assets/research/fred-graph-react/1775240960.fred-graph-react.umd.js:1:10466)
