[    3331ms] [WARNING] Multiple GoTrueClient instances detected in the same browser context. It is not an error, but this should be avoided as it may produce undefined behavior when used concurrently under the same storage key. @ https://21st.dev/_next/static/chunks/39645-c444f5370daa6b28.js:5
[    3900ms] [WARNING] [PostHog.js] You have already initialized PostHog! Re-initializing is a no-op @ https://21st.dev/_next/static/chunks/2d2d3c67-4d6f2c780fa8c97c.js:0
[    4443ms] [LOG] [Featurebase SDK] Initializing SDK! @ https://do.featurebase.app/js/sdk.js:240
[    4644ms] [LOG] [Featurebase SDK] Messenger initialization already in progress, checking if data changed @ https://do.featurebase.app/js/sdk.js:240
[    4644ms] [LOG] [Featurebase SDK] Data changed, canceling previous request @ https://do.featurebase.app/js/sdk.js:240
[    4644ms] [LOG] [Featurebase SDK] Previous request canceled due to new request @ https://do.featurebase.app/js/sdk.js:240
[    4683ms] [LOG] [Featurebase SDK] Messenger initialization already in progress, checking if data changed @ https://do.featurebase.app/js/sdk.js:240
[    4683ms] [LOG] [Featurebase SDK] Same data as previous request, waiting for completion @ https://do.featurebase.app/js/sdk.js:240
[    4726ms] [LOG] [Featurebase SDK] Messenger initialization already in progress, checking if data changed @ https://do.featurebase.app/js/sdk.js:240
[    4726ms] [LOG] [Featurebase SDK] Same data as previous request, waiting for completion @ https://do.featurebase.app/js/sdk.js:240
[    5238ms] [WARNING] An iframe which has both allow-scripts and allow-same-origin for its sandbox attribute can escape its sandboxing. @ https://do.featurebase.app/js/sdk.js:234
[   25769ms] [ERROR] Failed to load resource: the server responded with a status of 404 () @ https://pbs.twimg.com/profile_images/1946774162124554241/hB_Gz7Wc_400x400.jpg:0
[   25977ms] [ERROR] Failed to load resource: the server responded with a status of 404 () @ https://pbs.twimg.com/profile_images/1906333072863182848/-A67KlMP_400x400.jpg:0
[   28242ms] [WARNING] Warning: Missing `Description` or `aria-describedby={undefined}` for {DialogContent}. @ https://21st.dev/_next/static/chunks/32149-e22c7714989a8fe6.js:107
[   28308ms] [ERROR] Failed to load resource: the server responded with a status of 404 () @ https://pbs.twimg.com/profile_images/1946774162124554241/hB_Gz7Wc_400x400.jpg:0
[   28741ms] [WARNING] Tooltip is changing from controlled to uncontrolled. Components should not switch from controlled to uncontrolled (or vice versa). Decide between using a controlled or uncontrolled value for the lifetime of the component. @ https://21st.dev/_next/static/chunks/8329-76be832bb4512cf8.js:0
[   38897ms] [WARNING] Warning: Missing `Description` or `aria-describedby={undefined}` for {DialogContent}. @ https://21st.dev/_next/static/chunks/32149-e22c7714989a8fe6.js:107
[   39709ms] [WARNING] Tooltip is changing from controlled to uncontrolled. Components should not switch from controlled to uncontrolled (or vice versa). Decide between using a controlled or uncontrolled value for the lifetime of the component. @ https://21st.dev/_next/static/chunks/8329-76be832bb4512cf8.js:0
[   52576ms] [WARNING] Warning: Missing `Description` or `aria-describedby={undefined}` for {DialogContent}. @ https://21st.dev/_next/static/chunks/32149-e22c7714989a8fe6.js:107
[   53460ms] [WARNING] Tooltip is changing from controlled to uncontrolled. Components should not switch from controlled to uncontrolled (or vice versa). Decide between using a controlled or uncontrolled value for the lifetime of the component. @ https://21st.dev/_next/static/chunks/8329-76be832bb4512cf8.js:0
[   65089ms] [WARNING] Warning: Missing `Description` or `aria-describedby={undefined}` for {DialogContent}. @ https://21st.dev/_next/static/chunks/32149-e22c7714989a8fe6.js:107
[   65651ms] [WARNING] Tooltip is changing from controlled to uncontrolled. Components should not switch from controlled to uncontrolled (or vice versa). Decide between using a controlled or uncontrolled value for the lifetime of the component. @ https://21st.dev/_next/static/chunks/8329-76be832bb4512cf8.js:0
[   67658ms] [WARNING] Clerk: The prop "afterSignInUrl" is deprecated and should be replaced with the new "fallbackRedirectUrl" or "forceRedirectUrl" props instead. Learn more: https://clerk.com/docs/guides/custom-redirects#redirect-url-props @ https://clerk.21st.dev/npm/@clerk/clerk-js@5/dist/clerk.browser.js:18
[   77978ms] [WARNING] Warning: Missing `Description` or `aria-describedby={undefined}` for {DialogContent}. @ https://21st.dev/_next/static/chunks/32149-e22c7714989a8fe6.js:107
[   78451ms] [WARNING] Tooltip is changing from controlled to uncontrolled. Components should not switch from controlled to uncontrolled (or vice versa). Decide between using a controlled or uncontrolled value for the lifetime of the component. @ https://21st.dev/_next/static/chunks/8329-76be832bb4512cf8.js:0
[   86250ms] [WARNING] Warning: Missing `Description` or `aria-describedby={undefined}` for {DialogContent}. @ https://21st.dev/_next/static/chunks/32149-e22c7714989a8fe6.js:107
[   86908ms] [WARNING] Tooltip is changing from controlled to uncontrolled. Components should not switch from controlled to uncontrolled (or vice versa). Decide between using a controlled or uncontrolled value for the lifetime of the component. @ https://21st.dev/_next/static/chunks/8329-76be832bb4512cf8.js:0
[  101844ms] [VERBOSE] [DOM] Password field is not contained in a form: (More info: https://goo.gl/9p2vKq) %o @ https://accounts.google.com/v3/signin/identifier?opparams=%253F&dsh=S-1610021000%3A1775235115869113&access_type=offline&client_id=198013683996-1vso7vtnd096s1e9c4tkh4qqev0enm95.apps.googleusercontent.com&o2v=1&redirect_uri=https%3A%2F%2Fclerk.21st.dev%2Fv1%2Foauth_callback&response_type=code&scope=openid+https%3A%2F%2Fwww.googleapis.com%2Fauth%2Fuserinfo.email+https%3A%2F%2Fwww.googleapis.com%2Fauth%2Fuserinfo.profile&service=lso&state=7w0i0jmaolxqrv366s8p0w36780ignspe82cawoq&flowName=GeneralOAuthFlow&continue=https%3A%2F%2Faccounts.google.com%2Fsignin%2Foauth%2Fconsent%3Fauthuser%3Dunknown%26part%3DAJi8hAOiq-t4yq1TChNARSN5rZxdzneoRZGm-683vTarGMlDo0dZ9MxT1yTqCt27i9tOS8y87Eq4FKvG178fayfy3g45q0aJrMdqvBFenBVRSmxaxg1PqpPgO_wukJIk-fUOp9iJN6xEXQmL0_JQNdjF43qp-HbbvgSsoT7vxfGgE2sjDTSDDfhj3ENXza3d2m1qbxnJokJ5T5ShkrDTFRwXm8gn9-OFyHLDoAooz1PwRuJvAQBAkNQvercSjWtTcXGxV5TqH8wLhDCtDxfv0CDKfL8hhM1XWHAcQ5feIkAa_1SvlV0aQYfxQ1YRwVA3cpZsvL9X24G8yauQWqB_cHGAkZsBB4FETMhVsykHmopsZPWMFNH6SupjZsqmXWW01TULXqrHVGfa_9r43ckRQiqQNCxjWKUMXHDY-nR75yUpUZx4xrQR96wCCP6B1wYQH3M2lv5wDnfjrI3hYOEiFTf9SYnMohD3RA%26flowName%3DGeneralOAuthFlow%26as%3DS-1610021000%253A1775235115869113%26client_id%3D198013683996-1vso7vtnd096s1e9c4tkh4qqev0enm95.apps.googleusercontent.com%26requestPath%3D%252Fsignin%252Foauth%252Fconsent%23&app_domain=https%3A%2F%2Fclerk.21st.dev&rart=ANgoxce9HVxsHREEhLp5tIfsouRUlXrlUXaKTQnBg1K7-tB1o-tdDnxm0_KU5yDU9i_awwk4ycYBMMSE0ikitAKjX7SqSzE8cpLxQU_a68JgVEEk7Yqj4sg:0
[  101851ms] [LOG] %c%s color: red; background: yellow; font-size: 24px; WARNING! @ https://www.gstatic.com/_/mss/boq-identity/_/js/k=boq-identity.AccountsSignInUi.en_US.IWQQguuMG4M.es5.O/am=Kf8GAACiCCQDYPj_DxkACIAgGrieBaAJRAYAAAAAAAAAACwQACCN/d=1/excm=_b,_tp,identifierview/ed=1/dg=0/wt=2/ujg=1/rs=AOaEmlEgTEvfhwzo3FhfbXIKlzB4BiGpgQ/dti=1/m=_b,_tp:467
[  101851ms] [LOG] %c%s font-size: 18px; Using this console may allow attackers to impersonate you and steal your information using an attack called Self-XSS.
Do not enter or paste code that you do not understand. @ https://www.gstatic.com/_/mss/boq-identity/_/js/k=boq-identity.AccountsSignInUi.en_US.IWQQguuMG4M.es5.O/am=Kf8GAACiCCQDYPj_DxkACIAgGrieBaAJRAYAAAAAAAAAACwQACCN/d=1/excm=_b,_tp,identifierview/ed=1/dg=0/wt=2/ujg=1/rs=AOaEmlEgTEvfhwzo3FhfbXIKlzB4BiGpgQ/dti=1/m=_b,_tp:467
[  115541ms] [VERBOSE] [DOM] Password field is not contained in a form: (More info: https://goo.gl/9p2vKq) %o @ https://accounts.google.com/v3/signin/challenge/pwd?TL=AIgtPP1Wgg7lhqMaXJ-vOCP18IC-uL2LG1LFz6H4AfHilVfIlTJy_VBuY1uTMQ4V&access_type=offline&app_domain=https%3A%2F%2Fclerk.21st.dev&checkConnection=youtube%3A99&checkedDomains=youtube&cid=2&client_id=198013683996-1vso7vtnd096s1e9c4tkh4qqev0enm95.apps.googleusercontent.com&continue=https%3A%2F%2Faccounts.google.com%2Fsignin%2Foauth%2Fconsent%3Fauthuser%3Dunknown%26part%3DAJi8hAOiq-t4yq1TChNARSN5rZxdzneoRZGm-683vTarGMlDo0dZ9MxT1yTqCt27i9tOS8y87Eq4FKvG178fayfy3g45q0aJrMdqvBFenBVRSmxaxg1PqpPgO_wukJIk-fUOp9iJN6xEXQmL0_JQNdjF43qp-HbbvgSsoT7vxfGgE2sjDTSDDfhj3ENXza3d2m1qbxnJokJ5T5ShkrDTFRwXm8gn9-OFyHLDoAooz1PwRuJvAQBAkNQvercSjWtTcXGxV5TqH8wLhDCtDxfv0CDKfL8hhM1XWHAcQ5feIkAa_1SvlV0aQYfxQ1YRwVA3cpZsvL9X24G8yauQWqB_cHGAkZsBB4FETMhVsykHmopsZPWMFNH6SupjZsqmXWW01TULXqrHVGfa_9r43ckRQiqQNCxjWKUMXHDY-nR75yUpUZx4xrQR96wCCP6B1wYQH3M2lv5wDnfjrI3hYOEiFTf9SYnMohD3RA%26flowName%3DGeneralOAuthFlow%26as%3DS-1610021000%253A1775235115869113%26client_id%3D198013683996-1vso7vtnd096s1e9c4tkh4qqev0enm95.apps.googleusercontent.com%26requestPath%3D%252Fsignin%252Foauth%252Fconsent%23&dsh=S-1610021000%3A1775235115869113&flowName=GeneralOAuthFlow&o2v=1&opparams=%253F&pstMsg=1&rart=ANgoxce9HVxsHREEhLp5tIfsouRUlXrlUXaKTQnBg1K7-tB1o-tdDnxm0_KU5yDU9i_awwk4ycYBMMSE0ikitAKjX7SqSzE8cpLxQU_a68JgVEEk7Yqj4sg&redirect_uri=https%3A%2F%2Fclerk.21st.dev%2Fv1%2Foauth_callback&response_type=code&scope=openid%20https%3A%2F%2Fwww.googleapis.com%2Fauth%2Fuserinfo.email%20https%3A%2F%2Fwww.googleapis.com%2Fauth%2Fuserinfo.profile&service=lso&state=7w0i0jmaolxqrv366s8p0w36780ignspe82cawoq:0
[  130070ms] [WARNING] Multiple GoTrueClient instances detected in the same browser context. It is not an error, but this should be avoided as it may produce undefined behavior when used concurrently under the same storage key. @ https://21st.dev/_next/static/chunks/39645-c444f5370daa6b28.js:5
[  130632ms] [WARNING] [PostHog.js] You have already initialized PostHog! Re-initializing is a no-op @ https://21st.dev/_next/static/chunks/2d2d3c67-4d6f2c780fa8c97c.js:0
[  131090ms] [ERROR] Failed to load resource: the server responded with a status of 404 () @ https://pbs.twimg.com/profile_images/1946774162124554241/hB_Gz7Wc_400x400.jpg:0
[  131442ms] [ERROR] Failed to load resource: the server responded with a status of 404 () @ https://pbs.twimg.com/profile_images/1906333072863182848/-A67KlMP_400x400.jpg:0
[  136295ms] TypeError: t.closest is not a function
    at onMouseLeave (https://21st.dev/_next/static/chunks/app/(alpha)/layout-692d59b0eb734aac.js:1:117248)
    at s0 (https://21st.dev/_next/static/chunks/2624f00b-c991669fecab1cdb.js:1:151990)
    at https://21st.dev/_next/static/chunks/2624f00b-c991669fecab1cdb.js:1:157878
    at nU (https://21st.dev/_next/static/chunks/2624f00b-c991669fecab1cdb.js:1:20181)
    at s5 (https://21st.dev/_next/static/chunks/2624f00b-c991669fecab1cdb.js:1:153223)
    at fL (https://21st.dev/_next/static/chunks/2624f00b-c991669fecab1cdb.js:1:189200)
    at f_ (https://21st.dev/_next/static/chunks/2624f00b-c991669fecab1cdb.js:1:189115)
[  137660ms] [WARNING] Multiple GoTrueClient instances detected in the same browser context. It is not an error, but this should be avoided as it may produce undefined behavior when used concurrently under the same storage key. @ https://21st.dev/_next/static/chunks/39645-c444f5370daa6b28.js:5
[  146609ms] [LOG] [Featurebase SDK] Initializing SDK! @ https://do.featurebase.app/js/sdk.js:240
[  147761ms] [LOG] [Featurebase SDK] Messenger initialization already in progress, checking if data changed @ https://do.featurebase.app/js/sdk.js:240
[  147761ms] [LOG] [Featurebase SDK] Data changed, canceling previous request @ https://do.featurebase.app/js/sdk.js:240
[  147762ms] [LOG] [Featurebase SDK] Previous request canceled due to new request @ https://do.featurebase.app/js/sdk.js:240
[  147874ms] [LOG] [Featurebase SDK] Messenger initialization already in progress, checking if data changed @ https://do.featurebase.app/js/sdk.js:240
[  147874ms] [LOG] [Featurebase SDK] Same data as previous request, waiting for completion @ https://do.featurebase.app/js/sdk.js:240
[  147937ms] [LOG] [Featurebase SDK] Messenger initialization already in progress, checking if data changed @ https://do.featurebase.app/js/sdk.js:240
[  147937ms] [LOG] [Featurebase SDK] Data changed, canceling previous request @ https://do.featurebase.app/js/sdk.js:240
[  147937ms] [LOG] [Featurebase SDK] Previous request canceled due to new request @ https://do.featurebase.app/js/sdk.js:240
[  148305ms] [WARNING] An iframe which has both allow-scripts and allow-same-origin for its sandbox attribute can escape its sandboxing. @ https://do.featurebase.app/js/sdk.js:234
[  148559ms] [ERROR] Failed to load resource: the server responded with a status of 404 () @ https://pbs.twimg.com/profile_images/1946774162124554241/hB_Gz7Wc_400x400.jpg:0
[  181882ms] [LOG] [Community Search] card click: {id: 1637, name: Default, hasBundleUrl: true, bundleUrlHtml: https://cdn.21st.dev/bundled/1637.html, bundleHtmlUrl: undefined} @ https://21st.dev/_next/static/chunks/26879-105de18b4881e9a7.js:0
[  182177ms] [WARNING] Warning: Missing `Description` or `aria-describedby={undefined}` for {DialogContent}. @ https://21st.dev/_next/static/chunks/32149-e22c7714989a8fe6.js:107
[  182731ms] [LOG] isDarkMode false @ https://cdn.21st.dev/bundled/1637.html?theme=light:955
[  182731ms] [LOG] window.location.search ?theme=light @ https://cdn.21st.dev/bundled/1637.html?theme=light:955
[  182736ms] [WARNING] Tooltip is changing from controlled to uncontrolled. Components should not switch from controlled to uncontrolled (or vice versa). Decide between using a controlled or uncontrolled value for the lifetime of the component. @ https://21st.dev/_next/static/chunks/8329-76be832bb4512cf8.js:0
[  191736ms] [LOG] isDarkMode false @ https://cdn.21st.dev/bundled/2083.html?theme=light:977
[  191736ms] [LOG] window.location.search ?theme=light @ https://cdn.21st.dev/bundled/2083.html?theme=light:977
[  195565ms] [LOG] isDarkMode false @ https://cdn.21st.dev/bundled/1637.html?theme=light:955
[  195565ms] [LOG] window.location.search ?theme=light @ https://cdn.21st.dev/bundled/1637.html?theme=light:955
[  209861ms] [ERROR] Failed to load resource: the server responded with a status of 404 () @ https://pbs.twimg.com/profile_images/1970810743554531328/1HICDFv1_400x400.png:0
[  225499ms] [ERROR] Failed to load resource: the server responded with a status of 404 () @ https://pbs.twimg.com/profile_images/1946774162124554241/hB_Gz7Wc_400x400.jpg:0
[  229692ms] [ERROR] Failed to load resource: the server responded with a status of 404 () @ https://pbs.twimg.com/profile_images/1906333072863182848/-A67KlMP_400x400.jpg:0
